[2026-01-11 17:04:06,660] root - INFO - Model Recommendation Config: ModelRecommendationConfig(book_name_serialized_objects='artifacts\\serialized_objects\\book_names.pkl', book_pivot_serialized_objects='artifacts\\serialized_objects\\book_pivot.pkl', final_rating_serialized_objects='artifacts\\serialized_objects\\final_rating.pkl', trained_model_path='artifacts\\trained_model\\model.pkl')
[2026-01-11 17:04:50,957] root - INFO - Model Recommendation Config: ModelRecommendationConfig(book_name_serialized_objects='artifacts\\serialized_objects\\book_names.pkl', book_pivot_serialized_objects='artifacts\\serialized_objects\\book_pivot.pkl', final_rating_serialized_objects='artifacts\\serialized_objects\\final_rating.pkl', trained_model_path='artifacts\\trained_model\\model.pkl')
[2026-01-11 17:04:54,314] root - INFO - Model Recommendation Config: ModelRecommendationConfig(book_name_serialized_objects='artifacts\\serialized_objects\\book_names.pkl', book_pivot_serialized_objects='artifacts\\serialized_objects\\book_pivot.pkl', final_rating_serialized_objects='artifacts\\serialized_objects\\final_rating.pkl', trained_model_path='artifacts\\trained_model\\model.pkl')
[2026-01-11 17:04:54,319] root - INFO - ====================Data Ingestion log started.==================== 
[2026-01-11 17:04:54,321] root - INFO - Data Ingestion Config: DatasetConfig(dataset_download_url='https://github.com/entbappy/Branching-tutorial/raw/master/books_data.zip', raw_data_dir='artifacts\\dataset\\raw_data', ingested_dir='artifacts\\dataset\\ingested_data')
[2026-01-11 17:04:54,323] root - INFO - Data Validation Config: DataValidationConfig(clean_data_dir='artifacts\\dataset\\clean_data', books_csv_file='artifacts\\dataset\\ingested_data\\BX-Books.csv', ratings_csv_file='artifacts\\dataset\\ingested_data\\BX-Book-Ratings.csv', serialized_objects_dir='artifacts\\serialized_objects')
[2026-01-11 17:04:54,324] root - INFO - Data Transformation Config: DataTransformationConfig(clean_data_file_path='artifacts\\dataset\\clean_data\\clean_data.csv', transformed_data_dir='artifacts\\dataset\\transformed_data')
[2026-01-11 17:04:54,325] root - INFO - Data Validation Config: DataValidationConfig(clean_data_dir='artifacts\\dataset\\clean_data', books_csv_file='artifacts\\dataset\\ingested_data\\BX-Books.csv', ratings_csv_file='artifacts\\dataset\\ingested_data\\BX-Book-Ratings.csv', serialized_objects_dir='artifacts\\serialized_objects')
[2026-01-11 17:04:54,327] root - INFO - Model Trainer Config: ModelTrainerConfig(transformed_data_file_dir='artifacts\\dataset\\transformed_data\\transformed_data.pkl', trained_model_dir='artifacts\\trained_model', trained_model_name='model.pkl')
[2026-01-11 17:04:54,332] root - INFO - Downloading data from https://github.com/entbappy/Branching-tutorial/raw/master/books_data.zip into file artifacts\dataset\raw_data\books_data.zip
[2026-01-11 17:04:59,879] root - INFO - Downloaded data from https://github.com/entbappy/Branching-tutorial/raw/master/books_data.zip into file artifacts\dataset\raw_data\books_data.zip
[2026-01-11 17:05:04,385] root - INFO - Extracting zip file: artifacts\dataset\raw_data\books_data.zip into dir: artifacts\dataset\ingested_data
[2026-01-11 17:05:04,385] root - INFO - ====================Data Ingestion log completed.==================== 


[2026-01-11 17:05:04,385] root - INFO - ====================Data Validation log started.==================== 
[2026-01-11 17:05:09,255] root - INFO -  Shape of ratings data file: (1149780, 3)
[2026-01-11 17:05:09,255] root - INFO -  Shape of books data file: (271360, 8)
[2026-01-11 17:05:12,014] root - INFO -  Shape of the final clean dataset: (59850, 9)
[2026-01-11 17:05:12,998] root - INFO - Saved cleaned data to artifacts\dataset\clean_data
[2026-01-11 17:05:13,049] root - INFO - Saved final_rating serialization object to artifacts\serialized_objects
[2026-01-11 17:05:13,216] root - INFO - ====================Data Validation log completed.==================== 


[2026-01-11 17:05:13,216] root - INFO - ====================Data Transformation log started.==================== 
[2026-01-11 17:05:13,720] root - INFO -  Shape of book pivot table: (742, 888)
[2026-01-11 17:05:13,745] root - INFO - Saved pivot table data to artifacts\dataset\transformed_data
[2026-01-11 17:05:13,748] root - INFO - Saved book_names serialization object to artifacts\serialized_objects
[2026-01-11 17:05:13,756] root - INFO - Saved book_pivot serialization object to artifacts\serialized_objects
[2026-01-11 17:05:13,760] root - INFO - ====================Data Transformation log completed.==================== 


[2026-01-11 17:05:13,760] root - INFO - ====================Model Trainer log started.==================== 
[2026-01-11 17:05:13,813] root - INFO - Saving final model to artifacts\trained_model\model.pkl
[2026-01-11 17:05:13,815] root - INFO - ====================Model Trainer log completed.==================== 


[2026-01-11 17:05:13,817] root - INFO - Recommended successfully!
